TN:
SF:src\services\loggingService.ts
FN:6,(anonymous_0)
FN:8,(anonymous_1)
FN:15,(anonymous_2)
FN:25,(anonymous_3)
FN:34,(anonymous_4)
FN:41,(anonymous_5)
FN:45,(anonymous_6)
FN:49,(anonymous_7)
FN:53,(anonymous_8)
FN:58,(anonymous_9)
FN:63,(anonymous_10)
FN:70,(anonymous_11)
FN:74,(anonymous_12)
FNF:13
FNH:0
FNDA:0,(anonymous_0)
FNDA:0,(anonymous_1)
FNDA:0,(anonymous_2)
FNDA:0,(anonymous_3)
FNDA:0,(anonymous_4)
FNDA:0,(anonymous_5)
FNDA:0,(anonymous_6)
FNDA:0,(anonymous_7)
FNDA:0,(anonymous_8)
FNDA:0,(anonymous_9)
FNDA:0,(anonymous_10)
FNDA:0,(anonymous_11)
FNDA:0,(anonymous_12)
DA:1,2
DA:3,0
DA:4,0
DA:9,0
DA:10,0
DA:12,0
DA:16,0
DA:17,0
DA:21,0
DA:22,0
DA:26,0
DA:27,0
DA:28,0
DA:30,0
DA:31,0
DA:35,0
DA:42,0
DA:46,0
DA:50,0
DA:55,0
DA:60,0
DA:64,0
DA:65,0
DA:66,0
DA:71,0
DA:75,0
LF:26
LH:1
BRDA:9,0,0,0
BRDA:17,1,0,0
BRDA:17,1,1,0
BRDA:27,2,0,0
BRDA:27,2,1,0
BRDA:27,3,0,0
BRDA:27,3,1,0
BRDA:65,4,0,0
BRF:8
BRH:0
end_of_record
TN:
SF:src\services\gpt\gptService.ts
FN:14,(anonymous_0)
FN:16,(anonymous_1)
FN:23,(anonymous_2)
FN:49,(anonymous_3)
FN:50,(anonymous_4)
FN:56,(anonymous_5)
FN:65,(anonymous_6)
FN:76,(anonymous_7)
FN:85,(anonymous_8)
FN:95,(anonymous_9)
FNF:10
FNH:0
FNDA:0,(anonymous_0)
FNDA:0,(anonymous_1)
FNDA:0,(anonymous_2)
FNDA:0,(anonymous_3)
FNDA:0,(anonymous_4)
FNDA:0,(anonymous_5)
FNDA:0,(anonymous_6)
FNDA:0,(anonymous_7)
FNDA:0,(anonymous_8)
FNDA:0,(anonymous_9)
DA:11,2
DA:17,0
DA:18,0
DA:20,0
DA:24,0
DA:25,0
DA:27,0
DA:29,0
DA:31,0
DA:33,0
DA:35,0
DA:37,0
DA:40,0
DA:41,0
DA:50,0
DA:51,0
DA:52,0
DA:55,0
DA:56,0
DA:57,0
DA:59,0
DA:66,0
DA:67,0
DA:69,0
DA:77,0
DA:78,0
DA:86,0
DA:87,0
DA:96,0
DA:97,0
LF:30
LH:1
BRDA:17,0,0,0
BRDA:25,1,0,0
BRDA:25,1,1,0
BRDA:25,1,2,0
BRDA:25,1,3,0
BRDA:25,1,4,0
BRDA:25,1,5,0
BRDA:50,2,0,0
BRDA:50,2,1,0
BRDA:51,3,0,0
BRDA:66,4,0,0
BRDA:66,4,1,0
BRF:12
BRH:0
end_of_record
TN:
SF:src\services\keyword\KeywordWeightingService.ts
FN:22,(anonymous_0)
FN:30,(anonymous_1)
FN:37,(anonymous_2)
FN:68,(anonymous_3)
FN:91,(anonymous_4)
FN:108,(anonymous_5)
FN:129,(anonymous_6)
FN:142,(anonymous_7)
FN:148,(anonymous_8)
FN:155,(anonymous_9)
FN:173,(anonymous_10)
FNF:11
FNH:10
FNDA:6,(anonymous_0)
FNDA:0,(anonymous_1)
FNDA:3,(anonymous_2)
FNDA:3,(anonymous_3)
FNDA:3,(anonymous_4)
FNDA:3,(anonymous_5)
FNDA:3,(anonymous_6)
FNDA:3,(anonymous_7)
FNDA:3,(anonymous_8)
FNDA:3,(anonymous_9)
FNDA:8,(anonymous_10)
DA:2,1
DA:3,1
DA:5,1
DA:7,6
DA:8,6
DA:10,6
DA:17,6
DA:18,6
DA:19,6
DA:20,6
DA:26,6
DA:27,6
DA:31,0
DA:32,0
DA:34,0
DA:38,3
DA:39,3
DA:41,3
DA:42,3
DA:43,3
DA:44,3
DA:46,3
DA:54,3
DA:55,3
DA:57,0
DA:58,0
DA:69,3
DA:70,3
DA:72,2
DA:76,2
DA:83,2
DA:84,2
DA:86,1
DA:87,1
DA:92,3
DA:93,3
DA:98,3
DA:99,2
DA:103,1
DA:104,1
DA:112,3
DA:113,3
DA:114,3
DA:119,3
DA:120,2
DA:124,1
DA:125,1
DA:130,3
DA:131,2
DA:134,1
DA:135,1
DA:137,1
DA:143,3
DA:144,2
DA:147,1
DA:148,3
DA:150,1
DA:156,3
DA:158,3
DA:159,1
DA:162,3
DA:163,1
DA:166,3
DA:167,1
DA:170,3
DA:174,8
LF:66
LH:61
BRDA:26,0,0,6
BRDA:26,0,1,0
BRDA:27,1,0,6
BRDA:27,1,1,0
BRDA:31,2,0,0
BRDA:72,3,0,1
BRDA:72,3,1,1
BRDA:100,4,0,2
BRDA:100,4,1,0
BRDA:121,5,0,2
BRDA:121,5,1,0
BRDA:130,6,0,2
BRDA:143,7,0,2
BRDA:143,8,0,3
BRDA:143,8,1,1
BRDA:158,9,0,1
BRDA:162,10,0,1
BRDA:166,11,0,1
BRF:18
BRH:13
end_of_record
TN:
SF:src\services\keyword\SemanticGroupingService.ts
FN:15,(anonymous_0)
FN:23,(anonymous_1)
FN:30,(anonymous_2)
FN:48,(anonymous_3)
FN:54,(anonymous_4)
FN:68,(anonymous_5)
FN:77,(anonymous_6)
FN:84,(anonymous_7)
FN:91,(anonymous_8)
FN:92,(anonymous_9)
FN:94,(anonymous_10)
FN:97,(anonymous_11)
FN:98,(anonymous_12)
FN:118,(anonymous_13)
FN:123,(anonymous_14)
FN:174,(anonymous_15)
FN:185,(anonymous_16)
FN:189,(anonymous_17)
FNF:18
FNH:14
FNDA:7,(anonymous_0)
FNDA:0,(anonymous_1)
FNDA:5,(anonymous_2)
FNDA:27,(anonymous_3)
FNDA:7,(anonymous_4)
FNDA:0,(anonymous_5)
FNDA:7,(anonymous_6)
FNDA:14,(anonymous_7)
FNDA:14,(anonymous_8)
FNDA:6,(anonymous_9)
FNDA:7,(anonymous_10)
FNDA:7,(anonymous_11)
FNDA:7,(anonymous_12)
FNDA:5,(anonymous_13)
FNDA:3,(anonymous_14)
FNDA:0,(anonymous_15)
FNDA:0,(anonymous_16)
FNDA:26,(anonymous_17)
DA:2,1
DA:3,1
DA:5,1
DA:7,7
DA:8,7
DA:9,7
DA:19,7
DA:20,7
DA:24,0
DA:25,0
DA:27,0
DA:34,5
DA:35,5
DA:36,5
DA:39,5
DA:40,5
DA:42,5
DA:43,14
DA:45,7
DA:46,7
DA:48,27
DA:52,7
DA:53,7
DA:54,7
DA:57,0
DA:62,5
DA:63,5
DA:65,5
DA:67,0
DA:68,0
DA:82,7
DA:83,7
DA:84,14
DA:90,7
DA:91,14
DA:92,6
DA:94,7
DA:96,7
DA:97,7
DA:98,7
DA:101,7
DA:109,0
DA:123,5
DA:124,3
DA:127,5
DA:128,5
DA:130,5
DA:131,7
DA:133,7
DA:134,7
DA:137,7
DA:138,13
DA:140,3
DA:145,3
DA:147,1
DA:151,1
DA:153,0
DA:160,0
DA:163,0
DA:168,7
DA:171,5
DA:175,0
DA:176,0
DA:178,0
DA:179,0
DA:180,0
DA:184,0
DA:185,0
DA:190,26
DA:191,26
DA:196,26
DA:197,23
DA:198,0
DA:200,23
DA:202,3
DA:203,3
LF:76
LH:58
BRDA:19,0,0,7
BRDA:19,0,1,0
BRDA:20,1,0,7
BRDA:20,1,1,0
BRDA:24,2,0,0
BRDA:32,3,0,4
BRDA:43,4,0,7
BRDA:48,5,0,27
BRDA:48,5,1,20
BRDA:96,6,0,4
BRDA:96,6,1,3
BRDA:124,7,0,3
BRDA:124,7,1,0
BRDA:124,8,0,3
BRDA:124,8,1,0
BRDA:131,9,0,0
BRDA:138,10,0,10
BRDA:145,11,0,1
BRDA:151,12,0,0
BRDA:184,13,0,0
BRDA:184,13,1,0
BRDA:197,14,0,0
BRDA:197,15,0,23
BRDA:197,15,1,0
BRF:24
BRH:13
end_of_record
